\BOOKMARK [0][-]{part.1}{\376\377\000I\000\040\000F\000o\000r\000\040\000L\000i\000n\000u\000x\000\040\000U\000s\000e\000r\000s}{}% 1
\BOOKMARK [1][-]{section.1}{\376\377\000P\000y\000t\000h\000o\000n\000\040\000s\000e\000t\000u\000p}{part.1}% 2
\BOOKMARK [2][-]{subsection.1.1}{\376\377\000C\000h\000e\000c\000k\000\040\000P\000y\000t\000h\000o\000n}{section.1}% 3
\BOOKMARK [2][-]{subsection.1.2}{\376\377\000I\000n\000s\000t\000a\000l\000l\000i\000n\000g\000\040\000P\000y\000t\000h\000o\000n}{section.1}% 4
\BOOKMARK [1][-]{section.2}{\376\377\000S\000e\000t\000t\000i\000n\000g\000\040\000U\000p\000\040\000T\000h\000e\000\040\000E\000n\000v\000i\000r\000o\000n\000m\000e\000n\000t}{part.1}% 5
\BOOKMARK [2][-]{subsection.2.1}{\376\377\000G\000e\000t\000t\000i\000n\000g\000\040\000T\000h\000e\000\040\000S\000o\000u\000r\000c\000e\000\040\000C\000o\000d\000e}{section.2}% 6
\BOOKMARK [2][-]{subsection.2.2}{\376\377\000S\000e\000t\000t\000i\000n\000g\000\040\000U\000p\000\040\000P\000y\000t\000h\000o\000n\000\040\000V\000i\000r\000t\000u\000a\000l\000\040\000E\000n\000v\000i\000r\000o\000n\000m\000e\000n\000t}{section.2}% 7
\BOOKMARK [3][-]{subsubsection.2.2.1}{\376\377\000C\000r\000e\000a\000t\000e\000d\000\040\000N\000e\000w\000\040\000P\000y\000t\000h\000o\000n\000\040\000V\000i\000r\000t\000u\000a\000l\000\040\000E\000n\000v\000i\000r\000o\000n\000m\000e\000n\000t}{subsection.2.2}% 8
\BOOKMARK [2][-]{subsection.2.3}{\376\377\000R\000u\000n\000\040\000D\000j\000a\000n\000g\000o}{section.2}% 9
\BOOKMARK [2][-]{subsection.2.4}{\376\377\000P\000r\000o\000j\000\040\0002\000\040\000S\000p\000e\000c\000i\000f\000i\000c\000a\000t\000i\000o\000n\000s}{section.2}% 10
\BOOKMARK [2][-]{subsection.2.5}{\376\377\000P\000r\000o\000j\000\040\0002\000,\000\040\0001\0008}{section.2}% 11
\BOOKMARK [0][-]{part.2}{\376\377\000I\000I\000\040\000F\000o\000r\000\040\000W\000i\000n\000d\000o\000w\000s\000\040\000U\000s\000e\000r\000s}{}% 12
\BOOKMARK [1][-]{section.3}{\376\377\000I\000n\000s\000t\000a\000l\000l\000\040\000P\000y\000t\000h\000o\000n}{part.2}% 13
\BOOKMARK [1][-]{section.4}{\376\377\000S\000e\000t\000u\000p\000\040\000E\000n\000v\000i\000r\000o\000n\000m\000e\000n\000t}{part.2}% 14
\BOOKMARK [1][-]{section.5}{\376\377\000C\000r\000e\000a\000t\000e\000\040\000A\000n\000d\000\040\000S\000e\000t\000u\000p\000\040\000V\000i\000r\000t\000u\000a\000l\000\040\000E\000n\000v\000i\000r\000o\000n\000m\000e\000n\000t}{part.2}% 15
\BOOKMARK [2][-]{subsection.5.1}{\376\377\000C\000r\000e\000a\000t\000e\000\040\000V\000i\000r\000t\000u\000a\000l\000\040\000E\000n\000v\000i\000r\000o\000n\000m\000e\000n\000t}{section.5}% 16
\BOOKMARK [2][-]{subsection.5.2}{\376\377\000S\000e\000t\000u\000p\000\040\000V\000i\000r\000t\000u\000a\000l\000\040\000E\000n\000v\000i\000r\000o\000n\000m\000e\000n\000t}{section.5}% 17
\BOOKMARK [2][-]{subsection.5.3}{\376\377\000L\000a\000u\000n\000c\000h\000i\000n\000g\000\040\000D\000j\000a\000n\000g\000o}{section.5}% 18
\BOOKMARK [2][-]{subsection.5.4}{\376\377\000P\000r\000o\000j\000\040\0002\000\040\000S\000p\000e\000c\000i\000f\000i\000c\000a\000t\000i\000o\000n\000s}{section.5}% 19
\BOOKMARK [2][-]{subsection.5.5}{\376\377\000P\000r\000o\000j\000\040\0002\000,\000\040\0001\0008}{section.5}% 20
